<?xml version="1.0" encoding="UTF-8"?>
<!-- Generated by org.testng.reporters.JUnitXMLReporter -->
<testsuite ignored="9" hostname="DESKTOP-LVMHETU" failures="1" tests="19" name="Test" time="129.814" errors="0" timestamp="2023-03-20T14:29:02 IST">
  <testcase classname="practice.TestNgDependsOn" name="createuser" time="0.005">
    <failure type="java.lang.AssertionError" message="null">
      <![CDATA[java.lang.AssertionError: null
at practice.TestNgDependsOn.createuser(TestNgDependsOn.java:12)
at java.base/java.util.ArrayList.forEach(ArrayList.java:1511)
... Removed 29 stack frames]]>
    </failure>
  </testcase> <!-- createuser -->
  <testcase classname="practice.TestNgDependsOn" name="updateuser" time="0.0">
    <skipped/>
  </testcase> <!-- updateuser -->
  <testcase classname="practice.TestNgDependsOn" name="deleteuser" time="0.0">
    <skipped/>
  </testcase> <!-- deleteuser -->
  <testcase classname="vtiger.ProductTests.CreateProductTest" name="CreateProducttest" time="16.886"/>
  <testcase classname="practice.TestNgEnabled" name="deleteuser" time="0.002"/>
  <testcase classname="practice.TestNgEnabled" name="updateuser" time="0.001"/>
  <testcase classname="vtiger.ContactsTest.ContactWithOrganizationTest" name="ContactWithOrganizationtest" time="23.184"/>
  <testcase classname="vtiger.ContactsTest.CreateContactsTest" name="createContactsTest" time="12.722"/>
  <testcase classname="practice.TestNgPInvocationcount" name="deleteuser" time="0.001"/>
  <testcase classname="practice.TestNgPInvocationcount" name="update" time="0.001"/>
  <testcase classname="practice.TestNgPInvocationcount" name="update" time="0.001"/>
  <testcase classname="practice.TestNgInvoPrio" name="deleteuser" time="0.0"/>
  <testcase classname="practice.TestNgInvoPrio" name="updateuser" time="0.001"/>
  <testcase classname="practice.TestNgInvoPrio" name="createuser" time="0.0"/>
  <testcase classname="practice.TestNgInvoPrio" name="createuser" time="0.0"/>
  <testcase classname="vtiger.Organization.CreateOrganizationTest" name="createOrganizationTest" time="13.405"/>
  <testcase classname="practice.TestNgPriority" name="deleteuser" time="0.0"/>
  <testcase classname="practice.TestNgPriority" name="createuser" time="0.001"/>
  <testcase classname="vtiger.ContactsTest.ContactWithOrg2Test" name="contactWithOrg2Test" time="19.821"/>
  <testcase classname="vtiger.GenericUtilities.BaseClass" name="@AfterSuite asConfig" time="0.0">
    <ignored/>
  </testcase> <!-- @AfterSuite asConfig -->
  <testcase classname="vtiger.GenericUtilities.BaseClass" name="@AfterSuite asConfig" time="0.0">
    <ignored/>
  </testcase> <!-- @AfterSuite asConfig -->
  <testcase classname="vtiger.GenericUtilities.BaseClass" name="@AfterSuite asConfig" time="0.0">
    <ignored/>
  </testcase> <!-- @AfterSuite asConfig -->
  <testcase classname="vtiger.GenericUtilities.BaseClass" name="@AfterSuite asConfig" time="0.0">
    <ignored/>
  </testcase> <!-- @AfterSuite asConfig -->
  <testcase classname="vtiger.GenericUtilities.BaseClass" name="@BeforeSuite bsConfig" time="0.0">
    <ignored/>
  </testcase> <!-- @BeforeSuite bsConfig -->
  <testcase classname="vtiger.GenericUtilities.BaseClass" name="@BeforeSuite bsConfig" time="0.0">
    <ignored/>
  </testcase> <!-- @BeforeSuite bsConfig -->
  <testcase classname="vtiger.GenericUtilities.BaseClass" name="@BeforeSuite bsConfig" time="0.0">
    <ignored/>
  </testcase> <!-- @BeforeSuite bsConfig -->
  <testcase classname="vtiger.GenericUtilities.BaseClass" name="@BeforeSuite bsConfig" time="0.0">
    <ignored/>
  </testcase> <!-- @BeforeSuite bsConfig -->
  <testcase classname="practice.TestNgEnabled" name="createuser" time="0.0">
    <ignored/>
  </testcase> <!-- createuser -->
</testsuite> <!-- Test -->
