<?xml version="1.0" encoding="UTF-8"?>
<!-- Generated by org.testng.reporters.JUnitXMLReporter -->
<testsuite ignored="0" hostname="DESKTOP-LVMHETU" failures="0" tests="0" name="Test" time="97.173" errors="0" timestamp="2023-03-31T13:44:03 IST">
  <testcase classname="vtiger.GenericUtilities.BaseClass" name="@AfterClass acConfig" time="0.078">
    <failure type="org.openqa.selenium.remote.http.ConnectionFailedException" message="Unable to establish websocket connection to http://127.0.0.1:16921/devtools/browser/ecf69068-a7f8-4406-9f6e-fc394ef396cc
Build info: version: &amp;apos;4.7.2&amp;apos;, revision: &amp;apos;4d4020c3b7&amp;apos;
System info: os.name: &amp;apos;Windows 10&amp;apos;, os.arch: &amp;apos;amd64&amp;apos;, os.version: &amp;apos;10.0&amp;apos;, java.version: &amp;apos;17.0.2&amp;apos;
Driver info: driver.version: FirefoxDriver">
      <![CDATA[org.openqa.selenium.remote.http.ConnectionFailedException: Unable to establish websocket connection to http://127.0.0.1:16921/devtools/browser/ecf69068-a7f8-4406-9f6e-fc394ef396cc
Build info: version: '4.7.2', revision: '4d4020c3b7'
System info: os.name: 'Windows 10', os.arch: 'amd64', os.version: '10.0', java.version: '17.0.2'
Driver info: driver.version: FirefoxDriver
at org.openqa.selenium.remote.http.netty.NettyWebSocket.<init>(NettyWebSocket.java:102)
at org.openqa.selenium.remote.http.netty.NettyWebSocket.lambda$create$3(NettyWebSocket.java:128)
at org.openqa.selenium.remote.http.netty.NettyClient.openSocket(NettyClient.java:107)
at org.openqa.selenium.devtools.Connection.<init>(Connection.java:78)
at org.openqa.selenium.firefox.FirefoxDriver.maybeGetDevTools(FirefoxDriver.java:269)
at org.openqa.selenium.remote.RemoteWebDriver.quit(RemoteWebDriver.java:430)
at org.openqa.selenium.firefox.FirefoxDriver.quit(FirefoxDriver.java:323)
at vtiger.GenericUtilities.BaseClass.acConfig(BaseClass.java:85)
at java.base/java.util.ArrayList.forEach(ArrayList.java:1511)
... Removed 25 stack frames]]>
    </failure>
  </testcase> <!-- @AfterClass acConfig -->
</testsuite> <!-- Test -->
