<?xml version="1.0" encoding="UTF-8"?>
<testng-results ignored="0" total="1" passed="1" failed="0" skipped="0">
  <reporter-output>
  </reporter-output>
  <suite started-at="2023-07-21T12:05:26 IST" name="Default suite" finished-at="2023-07-21T12:05:26 IST" duration-ms="48">
    <groups>
    </groups>
    <test started-at="2023-07-21T12:05:26 IST" name="Default test" finished-at="2023-07-21T12:05:26 IST" duration-ms="48">
      <class name="practice.ReadDataFromeCMDLine">
        <test-method signature="readData()[pri:0, instance:practice.ReadDataFromeCMDLine@7e7be63f]" started-at="2023-07-21T12:05:26 IST" name="readData" finished-at="2023-07-21T12:05:26 IST" duration-ms="14" status="PASS">
          <reporter-output>
          </reporter-output>
        </test-method> <!-- readData -->
      </class> <!-- practice.ReadDataFromeCMDLine -->
    </test> <!-- Default test -->
  </suite> <!-- Default suite -->
</testng-results>
